

2013-12-17T01:31:11.451Z:
90
2
4

2013-12-17T01:31:16.432Z:
90
2
4

2013-12-17T01:31:21.451Z:
90
2
4

2013-12-17T01:31:26.453Z:
90
2
4

2013-12-17T01:31:31.514Z:
90
2
4

2013-12-17T01:31:36.497Z:
90
2
4

2013-12-17T01:31:41.454Z:
90
2
4

2013-12-17T01:31:46.468Z:
90
2
4

2013-12-17T01:31:51.487Z:
90
2
4

2013-12-17T01:31:57.278Z:
90
2
4

2013-12-17T01:32:01.516Z:
90
2
4

2013-12-17T01:32:06.504Z:
90
2
4

2013-12-17T01:32:11.953Z:
90
2
4

2013-12-17T01:32:16.476Z:
90
2
4

2013-12-17T01:32:21.472Z:
90
2
4

2013-12-17T01:32:26.903Z:
90
2
4

2013-12-17T01:32:47.148Z:
90
2
4

2013-12-17T01:32:52.658Z:
90
2
4

2013-12-17T01:32:57.481Z:
90
2
4

2013-12-17T01:33:01.824Z:
90
2
4