

2013-12-16T02:23:47.048Z:
180
0
4

2013-12-16T02:24:01.171Z:
180
0
4

2013-12-16T02:24:16.109Z:
180
0
4

2013-12-16T02:24:31.077Z:
180
0
4

2013-12-16T02:24:46.078Z:
180
0
4

2013-12-16T02:25:02.079Z:
180
0
4

2013-12-16T02:25:16.198Z:
180
0
4

2013-12-16T02:25:31.106Z:
180
0
4

2013-12-16T02:25:46.071Z:
180
0
4

2013-12-16T02:26:01.118Z:
180
0
4

2013-12-16T02:26:16.560Z:
180
0
4

2013-12-16T02:26:31.083Z:
180
0
4

2013-12-16T02:26:46.061Z:
180
0
4

2013-12-16T02:27:01.125Z:
180
0
4

2013-12-16T02:27:16.096Z:
180
0
4

2013-12-16T02:27:31.603Z:
180
0
4

2013-12-16T02:27:46.143Z:
180
0
4

2013-12-16T02:28:01.147Z:
180
0
4

2013-12-16T02:28:16.494Z:
180
0
4

2013-12-16T02:28:31.126Z:
180
0
4

2013-12-16T02:28:46.620Z:
180
0
4

2013-12-16T02:29:01.094Z:
180
0
4